<?xml version="1.0" encoding="UTF-8"?>
<testng-results skipped="0" failed="0" ignored="0" total="3" passed="3">
  <reporter-output>
  </reporter-output>
  <suite name="Suite" duration-ms="30334" started-at="2021-09-29T08:53:15 IST" finished-at="2021-09-29T08:53:45 IST">
    <groups>
    </groups>
    <test name="Search with laptops" duration-ms="30334" started-at="2021-09-29T08:53:15 IST" finished-at="2021-09-29T08:53:45 IST">
      <class name="testcases.TC01">
        <test-method status="PASS" signature="setUp()[pri:0, instance:testcases.TC01@3cef309d]" name="setUp" is-config="true" duration-ms="6985" started-at="2021-09-29T08:53:15 IST" finished-at="2021-09-29T08:53:22 IST">
          <reporter-output>
          </reporter-output>
        </test-method> <!-- setUp -->
        <test-method status="PASS" signature="ebaypage(java.lang.String, java.lang.String)[pri:0, instance:testcases.TC01@3cef309d]" name="ebaypage" duration-ms="3767" started-at="2021-09-29T08:53:22 IST" data-provider="data" finished-at="2021-09-29T08:53:26 IST">
          <params>
            <param index="0">
              <value>
                <![CDATA[gh-ac]]>
              </value>
            </param>
            <param index="1">
              <value>
                <![CDATA[Laptops]]>
              </value>
            </param>
          </params>
          <reporter-output>
          </reporter-output>
        </test-method> <!-- ebaypage -->
        <test-method status="PASS" signature="tearDown()[pri:0, instance:testcases.TC01@3cef309d]" name="tearDown" is-config="true" duration-ms="785" started-at="2021-09-29T08:53:26 IST" finished-at="2021-09-29T08:53:27 IST">
          <reporter-output>
          </reporter-output>
        </test-method> <!-- tearDown -->
        <test-method status="PASS" signature="setUp()[pri:0, instance:testcases.TC01@3cef309d]" name="setUp" is-config="true" duration-ms="5314" started-at="2021-09-29T08:53:27 IST" finished-at="2021-09-29T08:53:32 IST">
          <reporter-output>
          </reporter-output>
        </test-method> <!-- setUp -->
        <test-method status="PASS" signature="ebaypage(java.lang.String, java.lang.String)[pri:0, instance:testcases.TC01@3cef309d]" name="ebaypage" duration-ms="3142" started-at="2021-09-29T08:53:32 IST" data-provider="data" finished-at="2021-09-29T08:53:35 IST">
          <params>
            <param index="0">
              <value>
                <![CDATA[gh-ac]]>
              </value>
            </param>
            <param index="1">
              <value>
                <![CDATA[Mobiles]]>
              </value>
            </param>
          </params>
          <reporter-output>
          </reporter-output>
        </test-method> <!-- ebaypage -->
        <test-method status="PASS" signature="tearDown()[pri:0, instance:testcases.TC01@3cef309d]" name="tearDown" is-config="true" duration-ms="772" started-at="2021-09-29T08:53:35 IST" finished-at="2021-09-29T08:53:36 IST">
          <reporter-output>
          </reporter-output>
        </test-method> <!-- tearDown -->
        <test-method status="PASS" signature="setUp()[pri:0, instance:testcases.TC01@3cef309d]" name="setUp" is-config="true" duration-ms="5400" started-at="2021-09-29T08:53:36 IST" finished-at="2021-09-29T08:53:41 IST">
          <reporter-output>
          </reporter-output>
        </test-method> <!-- setUp -->
        <test-method status="PASS" signature="ebaypage(java.lang.String, java.lang.String)[pri:0, instance:testcases.TC01@3cef309d]" name="ebaypage" duration-ms="3277" started-at="2021-09-29T08:53:41 IST" data-provider="data" finished-at="2021-09-29T08:53:45 IST">
          <params>
            <param index="0">
              <value>
                <![CDATA[gh-ac]]>
              </value>
            </param>
            <param index="1">
              <value>
                <![CDATA[Bags]]>
              </value>
            </param>
          </params>
          <reporter-output>
          </reporter-output>
        </test-method> <!-- ebaypage -->
        <test-method status="PASS" signature="tearDown()[pri:0, instance:testcases.TC01@3cef309d]" name="tearDown" is-config="true" duration-ms="810" started-at="2021-09-29T08:53:45 IST" finished-at="2021-09-29T08:53:45 IST">
          <reporter-output>
          </reporter-output>
        </test-method> <!-- tearDown -->
      </class> <!-- testcases.TC01 -->
    </test> <!-- Search with laptops -->
  </suite> <!-- Suite -->
</testng-results>
