<?xml version="1.0" encoding="UTF-8"?>
<!-- Generated by org.testng.reporters.JUnitXMLReporter -->
<testsuite hostname="LAPTOP-577EBNEK" ignored="0" name="Search with laptops" tests="3" failures="0" timestamp="2021-09-29T08:53:46 IST" time="30.334" errors="0">
  <testcase name="ebaypage" time="3.767" classname="testcases.TC01"/>
  <testcase name="ebaypage" time="3.142" classname="testcases.TC01"/>
  <testcase name="ebaypage" time="3.277" classname="testcases.TC01"/>
</testsuite> <!-- Search with laptops -->
